<?xml version="1.0" encoding="UTF-8"?>
<!-- Generated by org.testng.reporters.JUnitReportReporter -->
<testsuite hostname="LAPTOP-T7B961OT" failures="0" tests="3" name="TestNgDemo.AnnotationsDemo" time="0.034" errors="0" timestamp="2023-01-28T19:19:48 IST" skipped="0">
  <testcase classname="TestNgDemo.AnnotationsDemo" name="test1" time="0.018"/>
  <system-out/>
  <testcase classname="TestNgDemo.AnnotationsDemo" name="test2" time="0.007"/>
  <system-out/>
  <testcase classname="TestNgDemo.AnnotationsDemo" name="test3" time="0.009"/>
  <system-out/>
</testsuite> <!-- TestNgDemo.AnnotationsDemo -->
