<?xml version="1.0" encoding="UTF-8"?>
<!-- Generated by org.testng.reporters.JUnitReportReporter -->
<testsuite hostname="LAPTOP-T7B961OT" failures="0" tests="1" name="TestNgDemo.ParameterizationUsingXML" time="0.025" errors="0" timestamp="2023-01-29T16:26:22 IST" skipped="0">
  <testcase classname="TestNgDemo.ParameterizationUsingXML" name="m1" time="0.025"/>
  <system-out/>
</testsuite> <!-- TestNgDemo.ParameterizationUsingXML -->
