<?xml version="1.0" encoding="UTF-8"?>
<!-- Generated by org.testng.reporters.JUnitReportReporter -->
<testsuite hostname="LAPTOP-T7B961OT" failures="0" tests="1" name="TestNgDemo.RetryDemoTest" time="0.016" errors="0" timestamp="2023-01-29T20:15:37 IST" skipped="0">
  <testcase classname="TestNgDemo.RetryDemoTest" name="m1" time="0.016"/>
  <system-out/>
</testsuite> <!-- TestNgDemo.RetryDemoTest -->
