<?xml version="1.0" encoding="UTF-8"?>
<!-- Generated by org.testng.reporters.JUnitReportReporter -->
<testsuite hostname="LAPTOP-T7B961OT" failures="0" tests="3" name="TestNgDemo.GroupingDemo" time="0.050" errors="0" timestamp="2023-01-29T15:58:36 IST" skipped="0">
  <testcase classname="TestNgDemo.GroupingDemo" name="m3" time="0.004"/>
  <system-out/>
  <testcase classname="TestNgDemo.GroupingDemo" name="m1" time="0.041"/>
  <system-out/>
  <testcase classname="TestNgDemo.GroupingDemo" name="m2" time="0.005"/>
  <system-out/>
</testsuite> <!-- TestNgDemo.GroupingDemo -->
