<?xml version="1.0" encoding="UTF-8"?>
<!-- Generated by org.testng.reporters.JUnitReportReporter -->
<testsuite hostname="LAPTOP-T7B961OT" failures="0" tests="3" name="TestNgDemo.DataProviderDemo" time="0.032" errors="0" timestamp="2023-01-29T17:24:56 IST" skipped="0">
  <testcase classname="TestNgDemo.DataProviderDemo" name="m1" time="0.018"/>
  <system-out/>
  <testcase classname="TestNgDemo.DataProviderDemo" name="m1" time="0.006"/>
  <system-out/>
  <testcase classname="TestNgDemo.DataProviderDemo" name="m1" time="0.008"/>
  <system-out/>
</testsuite> <!-- TestNgDemo.DataProviderDemo -->
