<?xml version="1.0" encoding="UTF-8"?>
<!-- Generated by org.testng.reporters.JUnitReportReporter -->
<testsuite hostname="LAPTOP-T7B961OT" failures="0" tests="3" name="TestNgDemo.PriorityDemo" time="0.043" errors="0" timestamp="2023-01-29T15:58:36 IST" skipped="0">
  <testcase classname="TestNgDemo.PriorityDemo" name="Btest1" time="0.004"/>
  <system-out/>
  <testcase classname="TestNgDemo.PriorityDemo" name="Ctest2" time="0.027"/>
  <system-out/>
  <testcase classname="TestNgDemo.PriorityDemo" name="Atest3" time="0.012"/>
  <system-out/>
</testsuite> <!-- TestNgDemo.PriorityDemo -->
