<?xml version="1.0" encoding="UTF-8"?>
<!-- Generated by org.testng.reporters.JUnitReportReporter -->
<testsuite hostname="LAPTOP-T7B961OT" failures="0" tests="6" name="TestNgDemo.DataProviderUsingGroupParameter" time="0.033" errors="0" timestamp="2023-01-29T17:57:13 IST" skipped="0">
  <testcase classname="TestNgDemo.DataProviderUsingGroupParameter" name="m1" time="0.012"/>
  <system-out/>
  <testcase classname="TestNgDemo.DataProviderUsingGroupParameter" name="M2" time="0.003"/>
  <system-out/>
  <testcase classname="TestNgDemo.DataProviderUsingGroupParameter" name="m1" time="0.002"/>
  <system-out/>
  <testcase classname="TestNgDemo.DataProviderUsingGroupParameter" name="M2" time="0.008"/>
  <system-out/>
  <testcase classname="TestNgDemo.DataProviderUsingGroupParameter" name="m1" time="0.006"/>
  <system-out/>
  <testcase classname="TestNgDemo.DataProviderUsingGroupParameter" name="M2" time="0.002"/>
  <system-out/>
</testsuite> <!-- TestNgDemo.DataProviderUsingGroupParameter -->
