<?xml version="1.0" encoding="UTF-8"?>
<!-- Generated by org.testng.reporters.JUnitReportReporter -->
<testsuite hostname="LAPTOP-T7B961OT" failures="0" tests="1" name="TestNgDemo.Using_XML" time="7.736" errors="0" timestamp="2023-01-29T10:10:55 IST" skipped="0">
  <testcase classname="TestNgDemo.Using_XML" name="loginTest" time="7.736"/>
  <system-out/>
</testsuite> <!-- TestNgDemo.Using_XML -->
