<?xml version="1.0" encoding="UTF-8"?>
<!-- Generated by org.testng.reporters.JUnitReportReporter -->
<testsuite hostname="LAPTOP-T7B961OT" failures="0" tests="6" name="TestNgDemo.DataProviderUsingParameter" time="0.036" errors="0" timestamp="2023-01-29T17:38:48 IST" skipped="0">
  <testcase classname="TestNgDemo.DataProviderUsingParameter" name="m1" time="0.009"/>
  <system-out/>
  <testcase classname="TestNgDemo.DataProviderUsingParameter" name="m1" time="0.016"/>
  <system-out/>
  <testcase classname="TestNgDemo.DataProviderUsingParameter" name="m2" time="0.004"/>
  <system-out/>
  <testcase classname="TestNgDemo.DataProviderUsingParameter" name="m1" time="0.002"/>
  <system-out/>
  <testcase classname="TestNgDemo.DataProviderUsingParameter" name="m2" time="0.003"/>
  <system-out/>
  <testcase classname="TestNgDemo.DataProviderUsingParameter" name="m2" time="0.002"/>
  <system-out/>
</testsuite> <!-- TestNgDemo.DataProviderUsingParameter -->
