<?xml version="1.0" encoding="UTF-8"?>
<!-- Generated by org.testng.reporters.JUnitReportReporter -->
<testsuite hostname="LAPTOP-T7B961OT" failures="0" tests="1" name="TestNgDemo.HomeTest" time="7.997" errors="0" timestamp="2023-01-28T15:35:44 IST" skipped="0">
  <testcase classname="TestNgDemo.HomeTest" name="loginTest" time="7.997"/>
  <system-out/>
</testsuite> <!-- TestNgDemo.HomeTest -->
